* using log directory 'Z:/sbformula/sbformula.Rcheck'
* using R version 3.2.2 (2015-08-14)
* using platform: x86_64-w64-mingw32 (64-bit)
* using session charset: ISO8859-1
* using option '--as-cran'
* checking for file 'sbformula/DESCRIPTION' ... OK
* checking extension type ... Package
* this is package 'sbformula' version '1.0'
* checking CRAN incoming feasibility ... NOTE
Maintainer: 'Omar Benites <obacc07@gmail.com>'
New submission

License components with restrictions and base license permitting such:
  MIT + file LICENSE
File 'LICENSE':
  The MIT License (MIT)
  
  Copyright (c) 2015 Omar Benites
  
  Permission is hereby granted, free of charge, to any person obtaining a copy
  of this software and associated documentation files (the "Software"), to deal
  in the Software without restriction, including without limitation the rights
  to use, copy, modify, merge, publish, distribute, sublicense, and/or sell
  copies of the Software, and to permit persons to whom the Software is
  furnished to do so, subject to the following conditions:
  
  The above copyright notice and this permission notice shall be included in all
  copies or substantial portions of the Software.
  
  THE SOFTWARE IS PROVIDED "AS IS", WITHOUT WARRANTY OF ANY KIND, EXPRESS OR
  IMPLIED, INCLUDING BUT NOT LIMITED TO THE WARRANTIES OF MERCHANTABILITY,
  FITNESS FOR A PARTICULAR PURPOSE AND NONINFRINGEMENT. IN NO EVENT SHALL THE
  AUTHORS OR COPYRIGHT HOLDERS BE LIABLE FOR ANY CLAIM, DAMAGES OR OTHER
  LIABILITY, WHETHER IN AN ACTION OF CONTRACT, TORT OR OTHERWISE, ARISING FROM,
  OUT OF OR IN CONNECTION WITH THE SOFTWARE OR THE USE OR OTHER DEALINGS IN THE
  SOFTWARE.

Package has a VignetteBuilder field but no prebuilt vignette index.

The Title field should be in title case, current version then in title case:
'Formulas for crop breeding and standart evaluation trial'
'Formulas for Crop Breeding and Standart Evaluation Trial'

The Date field is over a month old.
* checking package namespace information ... OK
* checking package dependencies ... ERROR
  No repository set, so cyclic dependency check skipped

Packages required but not available: 'doBy' 'stringr' 'date' 'dplyr' 'car'

Packages suggested but not available: 'knitr' 'testthat'

VignetteBuilder package required for checking but not installed: 'knitr'

The suggested packages are required for a complete check.
Checking can be attempted without them by setting the environment
variable _R_CHECK_FORCE_SUGGESTS_ to a false value.

See section 'The DESCRIPTION file' in the 'Writing R Extensions'
manual.
* DONE
Status: 1 ERROR, 1 NOTE
